Mplus VERSION 8.6
MUTHEN & MUTHEN
05/26/2021  10:22 PM

INPUT INSTRUCTIONS

  TITLE: iris LPA

  DATA:
      File is iris.dat

  VARIABLE:

      Names are x1, x2, x3, x4;

      Classes = c(2) ;

  MODEL:

      %overall%

      x1 x2 x3 x4;

      x1 WITH x2-x4;
      x2 WITH x3-x4;
      x3 WITH x4;

      %c#1%

      [x1-x4];

      %c#2%

      [x1-x4];

  ANALYSIS:
      Type is mixture;

  OUTPUT:
      Tech11;



*** WARNING in DATA command
  Statement not terminated by a semicolon:
  File is iris.dat
   1 WARNING(S) FOUND IN THE INPUT INSTRUCTIONS



iris LPA

SUMMARY OF ANALYSIS

Number of groups                                                 1
Number of observations                                         150

Number of dependent variables                                    4
Number of independent variables                                  0
Number of continuous latent variables                            0
Number of categorical latent variables                           1

Observed dependent variables

  Continuous
   X1          X2          X3          X4

Categorical latent variables
   C


Estimator                                                      MLR
Information matrix                                        OBSERVED
Optimization Specifications for the Quasi-Newton Algorithm for
Continuous Outcomes
  Maximum number of iterations                                 100
  Convergence criterion                                  0.100D-05
Optimization Specifications for the EM Algorithm
  Maximum number of iterations                                 500
  Convergence criteria
    Loglikelihood change                                 0.100D-06
    Relative loglikelihood change                        0.100D-06
    Derivative                                           0.100D-05
Optimization Specifications for the M step of the EM Algorithm for
Categorical Latent variables
  Number of M step iterations                                    1
  M step convergence criterion                           0.100D-05
  Basis for M step termination                           ITERATION
Optimization Specifications for the M step of the EM Algorithm for
Censored, Binary or Ordered Categorical (Ordinal), Unordered
Categorical (Nominal) and Count Outcomes
  Number of M step iterations                                    1
  M step convergence criterion                           0.100D-05
  Basis for M step termination                           ITERATION
  Maximum value for logit thresholds                            15
  Minimum value for logit thresholds                           -15
  Minimum expected cell size for chi-square              0.100D-01
Optimization algorithm                                         EMA
Random Starts Specifications
  Number of initial stage random starts                         20
  Number of final stage optimizations                            4
  Number of initial stage iterations                            10
  Initial stage convergence criterion                    0.100D+01
  Random starts scale                                    0.500D+01
  Random seed for generating random starts                       0

Input data file(s)
  iris.dat
Input data format  FREE



UNIVARIATE SAMPLE STATISTICS


     UNIVARIATE HIGHER-ORDER MOMENT DESCRIPTIVE STATISTICS

         Variable/         Mean/     Skewness/   Minimum/ % with                Percentiles
        Sample Size      Variance    Kurtosis    Maximum  Min/Max      20%/60%    40%/80%    Median

     X1                    5.843       0.312       4.300    0.67%       5.000      5.600      5.800
             150.000       0.681      -0.574       7.900    0.67%       6.100      6.500
     X2                    3.057       0.316       2.000    0.67%       2.700      3.000      3.000
             150.000       0.189       0.181       4.400    0.67%       3.100      3.400
     X3                    3.758      -0.272       1.000    0.67%       1.500      3.900      4.350
             150.000       3.096      -1.396       6.900    0.67%       4.600      5.300
     X4                    1.199      -0.102       0.100    3.33%       0.200      1.100      1.300
             150.000       0.577      -1.336       2.500    2.00%       1.500      1.900

RANDOM STARTS RESULTS RANKED FROM THE BEST TO THE WORST LOGLIKELIHOOD VALUES

Final stage loglikelihood values at local maxima, seeds, and initial stage start numbers:

            -296.448  533738           11
            -296.448  68985            17
            -296.448  unperturbed      0
            -296.448  27071            15



THE BEST LOGLIKELIHOOD VALUE HAS BEEN REPLICATED.  RERUN WITH AT LEAST TWICE THE
RANDOM STARTS TO CHECK THAT THE BEST LOGLIKELIHOOD IS STILL OBTAINED AND REPLICATED.


THE MODEL ESTIMATION TERMINATED NORMALLY



MODEL FIT INFORMATION

Number of Free Parameters                       19

Loglikelihood

          H0 Value                        -296.448
          H0 Scaling Correction Factor      1.0304
            for MLR

Information Criteria

          Akaike (AIC)                     630.895
          Bayesian (BIC)                   688.097
          Sample-Size Adjusted BIC         627.966
            (n* = (n + 2) / 24)



FINAL CLASS COUNTS AND PROPORTIONS FOR THE LATENT CLASSES
BASED ON THE ESTIMATED MODEL

    Latent
   Classes

       1         50.00004          0.33333
       2         99.99996          0.66667


FINAL CLASS COUNTS AND PROPORTIONS FOR THE LATENT CLASSES
BASED ON ESTIMATED POSTERIOR PROBABILITIES

    Latent
   Classes

       1         50.00004          0.33333
       2         99.99996          0.66667


FINAL CLASS COUNTS AND PROPORTIONS FOR THE LATENT CLASSES
BASED ON THEIR MOST LIKELY LATENT CLASS MEMBERSHIP

Class Counts and Proportions

    Latent
   Classes

       1               50          0.33333
       2              100          0.66667


CLASSIFICATION QUALITY

     Entropy                         1.000


Average Latent Class Probabilities for Most Likely Latent Class Membership (Row)
by Latent Class (Column)

           1        2

    1   1.000    0.000
    2   0.000    1.000


Classification Probabilities for the Most Likely Latent Class Membership (Column)
by Latent Class (Row)

           1        2

    1   1.000    0.000
    2   0.000    1.000


Logits for the Classification Probabilities for the Most Likely Latent Class Membership (Column)
by Latent Class (Row)

              1        2

    1     11.903    0.000
    2    -12.706    0.000


MODEL RESULTS

                                                    Two-Tailed
                    Estimate       S.E.  Est./S.E.    P-Value

Latent Class 1

 X1       WITH
    X2                 0.113      0.019      5.805      0.000
    X3                 0.305      0.050      6.104      0.000
    X4                 0.114      0.019      6.112      0.000

 X2       WITH
    X3                 0.098      0.022      4.359      0.000
    X4                 0.056      0.010      5.330      0.000

 X3       WITH
    X4                 0.193      0.024      8.175      0.000

 Means
    X1                 5.006      0.049    101.442      0.000
    X2                 3.428      0.053     64.589      0.000
    X3                 1.462      0.024     60.137      0.000
    X4                 0.246      0.015     16.674      0.000

 Variances
    X1                 0.331      0.042      7.870      0.000
    X2                 0.120      0.016      7.574      0.000
    X3                 0.460      0.063      7.333      0.000
    X4                 0.123      0.013      9.137      0.000

Latent Class 2

 X1       WITH
    X2                 0.113      0.019      5.805      0.000
    X3                 0.305      0.050      6.104      0.000
    X4                 0.114      0.019      6.112      0.000

 X2       WITH
    X3                 0.098      0.022      4.359      0.000
    X4                 0.056      0.010      5.330      0.000

 X3       WITH
    X4                 0.193      0.024      8.175      0.000

 Means
    X1                 6.262      0.066     94.947      0.000
    X2                 2.872      0.033     86.743      0.000
    X3                 4.906      0.082     59.719      0.000
    X4                 1.676      0.042     39.652      0.000

 Variances
    X1                 0.331      0.042      7.870      0.000
    X2                 0.120      0.016      7.574      0.000
    X3                 0.460      0.063      7.333      0.000
    X4                 0.123      0.013      9.137      0.000

Categorical Latent Variables

 Means
    C#1               -0.693      0.173     -4.002      0.000


QUALITY OF NUMERICAL RESULTS

     Condition Number for the Information Matrix              0.149E-04
       (ratio of smallest to largest eigenvalue)


TECHNICAL 11 OUTPUT

     Random Starts Specifications for the k-1 Class Analysis Model
        Number of initial stage random starts                  20
        Number of final stage optimizations                     4



     VUONG-LO-MENDELL-RUBIN LIKELIHOOD RATIO TEST FOR 1 (H0) VERSUS 2 CLASSES

          H0 Loglikelihood Value                         -379.915
          2 Times the Loglikelihood Difference            166.934
          Difference in the Number of Parameters                5
          Mean                                             11.054
          Standard Deviation                                9.531
          P-Value                                          0.0000

     LO-MENDELL-RUBIN ADJUSTED LRT TEST

          Value                                           160.527
          P-Value                                          0.0000


     Beginning Time:  22:22:05
        Ending Time:  22:22:09
       Elapsed Time:  00:00:04



MUTHEN & MUTHEN
3463 Stoner Ave.
Los Angeles, CA  90066

Tel: (310) 391-9971
Fax: (310) 391-8971
Web: www.StatModel.com
Support: Support@StatModel.com

Copyright (c) 1998-2021 Muthen & Muthen
