MODEL RESULTS ! Unstandardized Output

                                                    Two-Tailed
                    Estimate       S.E.  Est./S.E.    P-Value

 TI       ON
    JD                 0.536      0.112      4.767      0.000 ! 1-unit increase on JD, .536 increase on TI
    WRS                0.092      0.114      0.812      0.417

 LD       ON
    JD                 0.682      0.073      9.399      0.000
    WFC                0.186      0.057      3.255      0.001

 JD       ON
    WRS                0.381      0.077      4.947      0.000
    WFC                0.296      0.060      4.947      0.000

 WFC      ON
    WRS                0.631      0.098      6.458      0.000

 LD       WITH
    TI                -0.006      0.042     -0.151      0.880 ! Residual covariances

 Intercepts
    TI                 0.539      0.277      1.950      0.051
    WFC                1.853      0.256      7.228      0.000
    JD                 0.555      0.208      2.669      0.008
    LD                 0.373      0.185      2.019      0.043

 Residual Variances
    TI                 0.745      0.092      8.124      0.000
    WFC                0.800      0.098      8.124      0.000
    JD                 0.377      0.046      8.124      0.000
    LD                 0.311      0.038      8.124      0.000


QUALITY OF NUMERICAL RESULTS

     Condition Number for the Information Matrix              0.141E-02
       (ratio of smallest to largest eigenvalue)


STANDARDIZED MODEL RESULTS 


STDYX Standardization ! Standardized Output (STDYX)

                                                    Two-Tailed
                    Estimate       S.E.  Est./S.E.    P-Value

 TI       ON
    JD                 0.438      0.086      5.114      0.000
    WRS                0.075      0.092      0.813      0.416

 LD       ON
    JD                 0.628      0.058     10.848      0.000
    WFC                0.218      0.066      3.273      0.001

 JD       ON
    WRS                0.376      0.073      5.178      0.000
    WFC                0.376      0.073      5.178      0.000

 WFC      ON
    WRS                0.490      0.066      7.408      0.000

 LD       WITH
    TI                -0.013      0.087     -0.151      0.880

 Intercepts
    TI                 0.547      0.300      1.823      0.068
    WFC                1.806      0.327      5.528      0.000
    JD                 0.688      0.288      2.389      0.017
    LD                 0.425      0.228      1.864      0.062

 Residual Variances
    TI                 0.766      0.065     11.870      0.000
    WFC                0.760      0.065     11.724      0.000
    JD                 0.579      0.065      8.854      0.000
    LD                 0.405      0.054      7.446      0.000


STDY Standardization

                                                    Two-Tailed
                    Estimate       S.E.  Est./S.E.    P-Value

 TI       ON
    JD                 0.438      0.086      5.114      0.000
    WRS                0.094      0.115      0.814      0.416

 LD       ON
    JD                 0.628      0.058     10.848      0.000
    WFC                0.218      0.066      3.273      0.001

 JD       ON
    WRS                0.472      0.089      5.279      0.000
    WFC                0.376      0.073      5.178      0.000

 WFC      ON
    WRS                0.615      0.078      7.844      0.000

 LD       WITH
    TI                -0.013      0.087     -0.151      0.880

 Intercepts
    TI                 0.547      0.300      1.823      0.068
    WFC                1.806      0.327      5.528      0.000
    JD                 0.688      0.288      2.389      0.017
    LD                 0.425      0.228      1.864      0.062

 Residual Variances
    TI                 0.766      0.065     11.870      0.000
    WFC                0.760      0.065     11.724      0.000
    JD                 0.579      0.065      8.854      0.000
    LD                 0.405      0.054      7.446      0.000


STD Standardization

                                                    Two-Tailed
                    Estimate       S.E.  Est./S.E.    P-Value

 TI       ON
    JD                 0.536      0.112      4.767      0.000
    WRS                0.092      0.114      0.812      0.417

 LD       ON
    JD                 0.682      0.073      9.399      0.000
    WFC                0.186      0.057      3.255      0.001

 JD       ON
    WRS                0.381      0.077      4.947      0.000
    WFC                0.296      0.060      4.947      0.000

 WFC      ON
    WRS                0.631      0.098      6.458      0.000

 LD       WITH
    TI                -0.006      0.042     -0.151      0.880

 Intercepts
    TI                 0.539      0.277      1.950      0.051
    WFC                1.853      0.256      7.228      0.000
    JD                 0.555      0.208      2.669      0.008
    LD                 0.373      0.185      2.019      0.043

 Residual Variances
    TI                 0.745      0.092      8.124      0.000
    WFC                0.800      0.098      8.124      0.000
    JD                 0.377      0.046      8.124      0.000
    LD                 0.311      0.038      8.124      0.000


R-SQUARE

    Observed                                        Two-Tailed
    Variable        Estimate       S.E.  Est./S.E.    P-Value

    TI                 0.234      0.065      3.631      0.000
    WFC                0.240      0.065      3.704      0.000
    JD                 0.421      0.065      6.436      0.000
    LD                 0.595      0.054     10.947      0.000


TECHNICAL 1 OUTPUT


     PARAMETER SPECIFICATION


           NU
              TI            WFC           JD            LD            WRS
              ________      ________      ________      ________      ________
                  0             0             0             0             0


           LAMBDA
              TI            WFC           JD            LD            WRS
              ________      ________      ________      ________      ________
 TI                 0             0             0             0             0
 WFC                0             0             0             0             0
 JD                 0             0             0             0             0
 LD                 0             0             0             0             0
 WRS                0             0             0             0             0


           THETA
              TI            WFC           JD            LD            WRS
              ________      ________      ________      ________      ________
 TI                 0
 WFC                0             0
 JD                 0             0             0
 LD                 0             0             0             0
 WRS                0             0             0             0             0


           ALPHA
              TI            WFC           JD            LD            WRS
              ________      ________      ________      ________      ________
                  1             2             3             4             0


           BETA
              TI            WFC           JD            LD            WRS
              ________      ________      ________      ________      ________
 TI                 0             0             5             0             6
 WFC                0             0             0             0             7
 JD                 0             8             0             0             9
 LD                 0            10            11             0             0
 WRS                0             0             0             0             0


           PSI
              TI            WFC           JD            LD            WRS
              ________      ________      ________      ________      ________
 TI                12
 WFC                0            13
 JD                 0             0            14
 LD                15             0             0            16
 WRS                0             0             0             0             0


     STARTING VALUES


           NU
              TI            WFC           JD            LD            WRS
              ________      ________      ________      ________      ________
                0.000         0.000         0.000         0.000         0.000


           LAMBDA
              TI            WFC           JD            LD            WRS
              ________      ________      ________      ________      ________
 TI             1.000         0.000         0.000         0.000         0.000
 WFC            0.000         1.000         0.000         0.000         0.000
 JD             0.000         0.000         1.000         0.000         0.000
 LD             0.000         0.000         0.000         1.000         0.000
 WRS            0.000         0.000         0.000         0.000         1.000


           THETA
              TI            WFC           JD            LD            WRS
              ________      ________      ________      ________      ________
 TI             0.000
 WFC            0.000         0.000
 JD             0.000         0.000         0.000
 LD             0.000         0.000         0.000         0.000
 WRS            0.000         0.000         0.000         0.000         0.000


           ALPHA
              TI            WFC           JD            LD            WRS
              ________      ________      ________      ________      ________
                2.120         3.430         2.520         2.730         2.500


           BETA
              TI            WFC           JD            LD            WRS
              ________      ________      ________      ________      ________
 TI             0.000         0.000         0.000         0.000         0.000
 WFC            0.000         0.000         0.000         0.000         0.000
 JD             0.000         0.000         0.000         0.000         0.000
 LD             0.000         0.000         0.000         0.000         0.000
 WRS            0.000         0.000         0.000         0.000         0.000


           PSI
              TI            WFC           JD            LD            WRS
              ________      ________      ________      ________      ________
 TI             0.490
 WFC            0.000         0.530
 JD             0.000         0.000         0.328
 LD             0.000         0.000         0.000         0.387
 WRS            0.000         0.000         0.000         0.000         0.635

